2023-05-19T03:31:59+00:00 CRITICAL Uncaught Error: Call to a member function get_id() on null in C:\xampp\htdocs\others\halalcatering\wp-content\themes\halalcatering-theme\layout\main-navigation.php:217
Stack trace:
#0 C:\xampp\htdocs\others\halalcatering\wp-includes\template.php(785): require()
#1 C:\xampp\htdocs\others\halalcatering\wp-includes\template.php(718): load_template('C:\\xampp\\htdocs...', false, Array)
#2 C:\xampp\htdocs\others\halalcatering\wp-includes\general-template.php(204): locate_template(Array, true, false, Array)
#3 C:\xampp\htdocs\others\halalcatering\wp-content\themes\halalcatering-theme\page.php(17): get_template_part('layout/main-nav...')
#4 C:\xampp\htdocs\others\halalcatering\wp-includes\template-loader.php(106): include('C:\\xampp\\htdocs...')
#5 C:\xampp\htdocs\others\halalcatering\wp-blog-header.php(19): require_once('C:\\xampp\\htdocs...')
#6 C:\xampp\htdocs\others\halalcatering\index.php(17): require('C:\\xampp\\htdocs...')
#7 {main}
  thrown in C:\xampp\htdocs\others\halalcatering\wp-content\themes\halalcatering-theme\layout\main-navigation.php on line 217

2023-05-19T03:39:44+00:00 CRITICAL Uncaught Error: Call to a member function is_empty() on null in C:\xampp\htdocs\others\halalcatering\wp-content\themes\halalcatering-theme\layout\main-navigation.php:127
Stack trace:
#0 C:\xampp\htdocs\others\halalcatering\wp-includes\template.php(785): require()
#1 C:\xampp\htdocs\others\halalcatering\wp-includes\template.php(718): load_template('C:\\xampp\\htdocs...', false, Array)
#2 C:\xampp\htdocs\others\halalcatering\wp-includes\general-template.php(204): locate_template(Array, true, false, Array)
#3 C:\xampp\htdocs\others\halalcatering\wp-content\themes\halalcatering-theme\page.php(17): get_template_part('layout/main-nav...')
#4 C:\xampp\htdocs\others\halalcatering\wp-includes\template-loader.php(106): include('C:\\xampp\\htdocs...')
#5 C:\xampp\htdocs\others\halalcatering\wp-blog-header.php(19): require_once('C:\\xampp\\htdocs...')
#6 C:\xampp\htdocs\others\halalcatering\index.php(17): require('C:\\xampp\\htdocs...')
#7 {main}
  thrown in C:\xampp\htdocs\others\halalcatering\wp-content\themes\halalcatering-theme\layout\main-navigation.php on line 127

