2023-05-25T06:32:36+00:00 CRITICAL Uncaught TypeError: strpos(): Argument #1 ($haystack) must be of type string, array given in /home/u910397194/domains/mediavesthosting.com/public_html/halalcatering/wp-includes/blocks.php:801
Stack trace:
#0 /home/u910397194/domains/mediavesthosting.com/public_html/halalcatering/wp-includes/blocks.php(801): strpos()
#1 /home/u910397194/domains/mediavesthosting.com/public_html/halalcatering/wp-includes/formatting.php(5136): filter_block_content()
#2 /home/u910397194/domains/mediavesthosting.com/public_html/halalcatering/wp-includes/class-wp-hook.php(308): wp_pre_kses_block_attributes()
#3 /home/u910397194/domains/mediavesthosting.com/public_html/halalcatering/wp-includes/plugin.php(205): WP_Hook->apply_filters()
#4 /home/u910397194/domains/mediavesthosting.com/public_html/halalcatering/wp-includes/kses.php(944): apply_filters()
#5 /home/u910397194/domains/mediavesthosting.com/public_html/halalcatering/wp-includes/kses.php(754): wp_kses_hook()
#6 /home/u910397194/domains/mediavesthosting.com/public_html/halalcatering/wp-content/plugins/woocommerce/includes/wc-notice-functions.php(268): wp_kses()
#7 /home/u910397194/domains/mediavesthosting.com/public_html/halalcatering/wp-content/themes/halalcatering-theme/woocommerce/notices/success.php(30): wc_kses_notice()
#8 /home/u910397194/domains/mediavesthosting.com/public_html/halalcatering/wp-content/plugins/woocommerce/includes/wc-core-functions.php(345): include('/home/u91039719...')
#9 /home/u910397194/domains/mediavesthosting.com/public_html/halalcatering/wp-content/plugins/woocommerce/includes/wc-notice-functions.php(158): wc_get_template()
#10 /home/u910397194/domains/mediavesthosting.com/public_html/halalcatering/wp-content/plugins/woocommerce/includes/wc-template-functions.php(3834): wc_print_notices()
#11 /home/u910397194/domains/mediavesthosting.com/public_html/halalcatering/wp-includes/class-wp-hook.php(308): woocommerce_output_all_notices()
#12 /home/u910397194/domains/mediavesthosting.com/public_html/halalcatering/wp-includes/class-wp-hook.php(332): WP_Hook->apply_filters()
#13 /home/u910397194/domains/mediavesthosting.com/public_html/halalcatering/wp-includes/plugin.php(517): WP_Hook->do_action()
#14 /home/u910397194/domains/mediavesthosting.com/public_html/halalcatering/wp-content/plugins/woocommerce/includes/shortcodes/class-wc-shortcode-checkout.php(287): do_action()
#15 /home/u910397194/domains/mediavesthosting.com/public_html/halalcatering/wp-content/plugins/woocommerce/includes/shortcodes/class-wc-shortcode-checkout.php(67): WC_Shortcode_Checkout::checkout()
#16 /home/u910397194/domains/mediavesthosting.com/public_html/halalcatering/wp-content/plugins/woocommerce/includes/class-wc-shortcodes.php(72): WC_Shortcode_Checkout::output()
#17 /home/u910397194/domains/mediavesthosting.com/public_html/halalcatering/wp-content/plugins/woocommerce/includes/class-wc-shortcodes.php(95): WC_Shortcodes::shortcode_wrapper()
#18 /home/u910397194/domains/mediavesthosting.com/public_html/halalcatering/wp-includes/shortcodes.php(355): WC_Shortcodes::checkout()
#19 [internal function]: do_shortcode_tag()
#20 /home/u910397194/domains/mediavesthosting.com/public_html/halalcatering/wp-includes/shortcodes.php(227): preg_replace_callback()
#21 /home/u910397194/domains/mediavesthosting.com/public_html/halalcatering/wp-includes/class-wp-hook.php(308): do_shortcode()
#22 /home/u910397194/domains/mediavesthosting.com/public_html/halalcatering/wp-includes/plugin.php(205): WP_Hook->apply_filters()
#23 /home/u910397194/domains/mediavesthosting.com/public_html/halalcatering/wp-includes/post-template.php(255): apply_filters()
#24 /home/u910397194/domains/mediavesthosting.com/public_html/halalcatering/wp-content/themes/halalcatering-theme/page.php(23): the_content()
#25 /home/u910397194/domains/mediavesthosting.com/public_html/halalcatering/wp-includes/template-loader.php(106): include('/home/u91039719...')
#26 /home/u910397194/domains/mediavesthosting.com/public_html/halalcatering/wp-blog-header.php(19): require_once('/home/u91039719...')
#27 /home/u910397194/domains/mediavesthosting.com/public_html/halalcatering/index.php(17): require('/home/u91039719...')
#28 {main}
  thrown in /home/u910397194/domains/mediavesthosting.com/public_html/halalcatering/wp-includes/blocks.php on line 801

2023-05-25T06:32:43+00:00 CRITICAL Uncaught TypeError: strpos(): Argument #1 ($haystack) must be of type string, array given in /home/u910397194/domains/mediavesthosting.com/public_html/halalcatering/wp-includes/blocks.php:801
Stack trace:
#0 /home/u910397194/domains/mediavesthosting.com/public_html/halalcatering/wp-includes/blocks.php(801): strpos()
#1 /home/u910397194/domains/mediavesthosting.com/public_html/halalcatering/wp-includes/formatting.php(5136): filter_block_content()
#2 /home/u910397194/domains/mediavesthosting.com/public_html/halalcatering/wp-includes/class-wp-hook.php(308): wp_pre_kses_block_attributes()
#3 /home/u910397194/domains/mediavesthosting.com/public_html/halalcatering/wp-includes/plugin.php(205): WP_Hook->apply_filters()
#4 /home/u910397194/domains/mediavesthosting.com/public_html/halalcatering/wp-includes/kses.php(944): apply_filters()
#5 /home/u910397194/domains/mediavesthosting.com/public_html/halalcatering/wp-includes/kses.php(754): wp_kses_hook()
#6 /home/u910397194/domains/mediavesthosting.com/public_html/halalcatering/wp-content/plugins/woocommerce/includes/wc-notice-functions.php(268): wp_kses()
#7 /home/u910397194/domains/mediavesthosting.com/public_html/halalcatering/wp-content/themes/halalcatering-theme/woocommerce/notices/success.php(30): wc_kses_notice()
#8 /home/u910397194/domains/mediavesthosting.com/public_html/halalcatering/wp-content/plugins/woocommerce/includes/wc-core-functions.php(345): include('/home/u91039719...')
#9 /home/u910397194/domains/mediavesthosting.com/public_html/halalcatering/wp-content/plugins/woocommerce/includes/wc-notice-functions.php(158): wc_get_template()
#10 /home/u910397194/domains/mediavesthosting.com/public_html/halalcatering/wp-content/plugins/woocommerce/includes/wc-template-functions.php(3834): wc_print_notices()
#11 /home/u910397194/domains/mediavesthosting.com/public_html/halalcatering/wp-includes/class-wp-hook.php(308): woocommerce_output_all_notices()
#12 /home/u910397194/domains/mediavesthosting.com/public_html/halalcatering/wp-includes/class-wp-hook.php(332): WP_Hook->apply_filters()
#13 /home/u910397194/domains/mediavesthosting.com/public_html/halalcatering/wp-includes/plugin.php(517): WP_Hook->do_action()
#14 /home/u910397194/domains/mediavesthosting.com/public_html/halalcatering/wp-content/plugins/woocommerce/includes/shortcodes/class-wc-shortcode-checkout.php(287): do_action()
#15 /home/u910397194/domains/mediavesthosting.com/public_html/halalcatering/wp-content/plugins/woocommerce/includes/shortcodes/class-wc-shortcode-checkout.php(67): WC_Shortcode_Checkout::checkout()
#16 /home/u910397194/domains/mediavesthosting.com/public_html/halalcatering/wp-content/plugins/woocommerce/includes/class-wc-shortcodes.php(72): WC_Shortcode_Checkout::output()
#17 /home/u910397194/domains/mediavesthosting.com/public_html/halalcatering/wp-content/plugins/woocommerce/includes/class-wc-shortcodes.php(95): WC_Shortcodes::shortcode_wrapper()
#18 /home/u910397194/domains/mediavesthosting.com/public_html/halalcatering/wp-includes/shortcodes.php(355): WC_Shortcodes::checkout()
#19 [internal function]: do_shortcode_tag()
#20 /home/u910397194/domains/mediavesthosting.com/public_html/halalcatering/wp-includes/shortcodes.php(227): preg_replace_callback()
#21 /home/u910397194/domains/mediavesthosting.com/public_html/halalcatering/wp-includes/class-wp-hook.php(308): do_shortcode()
#22 /home/u910397194/domains/mediavesthosting.com/public_html/halalcatering/wp-includes/plugin.php(205): WP_Hook->apply_filters()
#23 /home/u910397194/domains/mediavesthosting.com/public_html/halalcatering/wp-includes/post-template.php(255): apply_filters()
#24 /home/u910397194/domains/mediavesthosting.com/public_html/halalcatering/wp-content/themes/halalcatering-theme/page.php(23): the_content()
#25 /home/u910397194/domains/mediavesthosting.com/public_html/halalcatering/wp-includes/template-loader.php(106): include('/home/u91039719...')
#26 /home/u910397194/domains/mediavesthosting.com/public_html/halalcatering/wp-blog-header.php(19): require_once('/home/u91039719...')
#27 /home/u910397194/domains/mediavesthosting.com/public_html/halalcatering/index.php(17): require('/home/u91039719...')
#28 {main}
  thrown in /home/u910397194/domains/mediavesthosting.com/public_html/halalcatering/wp-includes/blocks.php on line 801

