2023-05-28T05:35:44+00:00 CRITICAL Uncaught Error: Call to undefined method WC_Shipping_Local_Pickup::get_method_id() in /home/u910397194/domains/mediavesthosting.com/public_html/halalcatering/wp-content/plugins/woocommerce/src/Utilities/ArrayUtil.php:153
Stack trace:
#0 [internal function]: Automattic\WooCommerce\Utilities\ArrayUtil::Automattic\WooCommerce\Utilities\{closure}()
#1 /home/u910397194/domains/mediavesthosting.com/public_html/halalcatering/wp-content/plugins/woocommerce/src/Utilities/ArrayUtil.php(188): array_map()
#2 /home/u910397194/domains/mediavesthosting.com/public_html/halalcatering/wp-content/plugins/woocommerce/packages/woocommerce-blocks/src/Shipping/ShippingController.php(450): Automattic\WooCommerce\Utilities\ArrayUtil::select()
#3 [internal function]: Automattic\WooCommerce\Blocks\Shipping\ShippingController->Automattic\WooCommerce\Blocks\Shipping\{closure}()
#4 /home/u910397194/domains/mediavesthosting.com/public_html/halalcatering/wp-content/plugins/woocommerce/packages/woocommerce-blocks/src/Shipping/ShippingController.php(452): array_filter()
#5 /home/u910397194/domains/mediavesthosting.com/public_html/halalcatering/wp-includes/class-wp-hook.php(308): Automattic\WooCommerce\Blocks\Shipping\ShippingController->filter_shipping_packages()
#6 /home/u910397194/domains/mediavesthosting.com/public_html/halalcatering/wp-includes/plugin.php(205): WP_Hook->apply_filters()
#7 /home/u910397194/domains/mediavesthosting.com/public_html/halalcatering/wp-content/plugins/woocommerce/includes/class-wc-shipping.php(274): apply_filters()
#8 /home/u910397194/domains/mediavesthosting.com/public_html/halalcatering/wp-content/plugins/woocommerce/includes/class-wc-cart.php(1423): WC_Shipping->calculate_shipping()
#9 /home/u910397194/domains/mediavesthosting.com/public_html/halalcatering/wp-content/plugins/woocommerce/includes/class-wc-cart-totals.php(339): WC_Cart->calculate_shipping()
#10 /home/u910397194/domains/mediavesthosting.com/public_html/halalcatering/wp-content/plugins/woocommerce/includes/class-wc-cart-totals.php(850): WC_Cart_Totals->get_shipping_from_cart()
#11 /home/u910397194/domains/mediavesthosting.com/public_html/halalcatering/wp-content/plugins/woocommerce/includes/class-wc-cart-totals.php(144): WC_Cart_Totals->calculate_shipping_totals()
#12 /home/u910397194/domains/mediavesthosting.com/public_html/halalcatering/wp-content/plugins/woocommerce/includes/class-wc-cart-totals.php(134): WC_Cart_Totals->calculate()
#13 /home/u910397194/domains/mediavesthosting.com/public_html/halalcatering/wp-content/plugins/woocommerce/includes/class-wc-cart.php(1401): WC_Cart_Totals->__construct()
#14 /home/u910397194/domains/mediavesthosting.com/public_html/halalcatering/wp-includes/class-wp-hook.php(306): WC_Cart->calculate_totals()
#15 /home/u910397194/domains/mediavesthosting.com/public_html/halalcatering/wp-includes/class-wp-hook.php(332): WP_Hook->apply_filters()
#16 /home/u910397194/domains/mediavesthosting.com/public_html/halalcatering/wp-includes/plugin.php(517): WP_Hook->do_action()
#17 /home/u910397194/domains/mediavesthosting.com/public_html/halalcatering/wp-content/plugins/woocommerce/includes/class-wc-cart.php(1279): do_action()
#18 /home/u910397194/domains/mediavesthosting.com/public_html/halalcatering/wp-content/plugins/woocommerce/includes/class-wc-form-handler.php(824): WC_Cart->add_to_cart()
#19 /home/u910397194/domains/mediavesthosting.com/public_html/halalcatering/wp-content/plugins/woocommerce/includes/class-wc-form-handler.php(796): WC_Form_Handler::add_to_cart_handler_simple()
#20 /home/u910397194/domains/mediavesthosting.com/public_html/halalcatering/wp-includes/class-wp-hook.php(308): WC_Form_Handler::add_to_cart_action()
#21 /home/u910397194/domains/mediavesthosting.com/public_html/halalcatering/wp-includes/class-wp-hook.php(332): WP_Hook->apply_filters()
#22 /home/u910397194/domains/mediavesthosting.com/public_html/halalcatering/wp-includes/plugin.php(517): WP_Hook->do_action()
#23 /home/u910397194/domains/mediavesthosting.com/public_html/halalcatering/wp-settings.php(645): do_action()
#24 /home/u910397194/domains/mediavesthosting.com/public_html/halalcatering/wp-config.php(104): require_once('/home/u91039719...')
#25 /home/u910397194/domains/mediavesthosting.com/public_html/halalcatering/wp-load.php(50): require_once('/home/u91039719...')
#26 /home/u910397194/domains/mediavesthosting.com/public_html/halalcatering/wp-blog-header.php(13): require_once('/home/u91039719...')
#27 /home/u910397194/domains/mediavesthosting.com/public_html/halalcatering/index.php(17): require('/home/u91039719...')
#28 {main}
  thrown in /home/u910397194/domains/mediavesthosting.com/public_html/halalcatering/wp-content/plugins/woocommerce/src/Utilities/ArrayUtil.php on line 153

2023-05-28T05:36:54+00:00 CRITICAL Uncaught Error: Call to undefined method WC_Shipping_Local_Pickup::get_method_id() in /home/u910397194/domains/mediavesthosting.com/public_html/halalcatering/wp-content/plugins/woocommerce/src/Utilities/ArrayUtil.php:153
Stack trace:
#0 [internal function]: Automattic\WooCommerce\Utilities\ArrayUtil::Automattic\WooCommerce\Utilities\{closure}()
#1 /home/u910397194/domains/mediavesthosting.com/public_html/halalcatering/wp-content/plugins/woocommerce/src/Utilities/ArrayUtil.php(188): array_map()
#2 /home/u910397194/domains/mediavesthosting.com/public_html/halalcatering/wp-content/plugins/woocommerce/packages/woocommerce-blocks/src/Shipping/ShippingController.php(450): Automattic\WooCommerce\Utilities\ArrayUtil::select()
#3 [internal function]: Automattic\WooCommerce\Blocks\Shipping\ShippingController->Automattic\WooCommerce\Blocks\Shipping\{closure}()
#4 /home/u910397194/domains/mediavesthosting.com/public_html/halalcatering/wp-content/plugins/woocommerce/packages/woocommerce-blocks/src/Shipping/ShippingController.php(452): array_filter()
#5 /home/u910397194/domains/mediavesthosting.com/public_html/halalcatering/wp-includes/class-wp-hook.php(308): Automattic\WooCommerce\Blocks\Shipping\ShippingController->filter_shipping_packages()
#6 /home/u910397194/domains/mediavesthosting.com/public_html/halalcatering/wp-includes/plugin.php(205): WP_Hook->apply_filters()
#7 /home/u910397194/domains/mediavesthosting.com/public_html/halalcatering/wp-content/plugins/woocommerce/includes/class-wc-shipping.php(274): apply_filters()
#8 /home/u910397194/domains/mediavesthosting.com/public_html/halalcatering/wp-content/plugins/woocommerce/includes/class-wc-cart.php(1423): WC_Shipping->calculate_shipping()
#9 /home/u910397194/domains/mediavesthosting.com/public_html/halalcatering/wp-content/plugins/woocommerce/includes/class-wc-cart-totals.php(339): WC_Cart->calculate_shipping()
#10 /home/u910397194/domains/mediavesthosting.com/public_html/halalcatering/wp-content/plugins/woocommerce/includes/class-wc-cart-totals.php(850): WC_Cart_Totals->get_shipping_from_cart()
#11 /home/u910397194/domains/mediavesthosting.com/public_html/halalcatering/wp-content/plugins/woocommerce/includes/class-wc-cart-totals.php(144): WC_Cart_Totals->calculate_shipping_totals()
#12 /home/u910397194/domains/mediavesthosting.com/public_html/halalcatering/wp-content/plugins/woocommerce/includes/class-wc-cart-totals.php(134): WC_Cart_Totals->calculate()
#13 /home/u910397194/domains/mediavesthosting.com/public_html/halalcatering/wp-content/plugins/woocommerce/includes/class-wc-cart.php(1401): WC_Cart_Totals->__construct()
#14 /home/u910397194/domains/mediavesthosting.com/public_html/halalcatering/wp-includes/class-wp-hook.php(306): WC_Cart->calculate_totals()
#15 /home/u910397194/domains/mediavesthosting.com/public_html/halalcatering/wp-includes/class-wp-hook.php(332): WP_Hook->apply_filters()
#16 /home/u910397194/domains/mediavesthosting.com/public_html/halalcatering/wp-includes/plugin.php(517): WP_Hook->do_action()
#17 /home/u910397194/domains/mediavesthosting.com/public_html/halalcatering/wp-content/plugins/woocommerce/includes/class-wc-cart.php(1279): do_action()
#18 /home/u910397194/domains/mediavesthosting.com/public_html/halalcatering/wp-content/plugins/woocommerce/includes/class-wc-form-handler.php(824): WC_Cart->add_to_cart()
#19 /home/u910397194/domains/mediavesthosting.com/public_html/halalcatering/wp-content/plugins/woocommerce/includes/class-wc-form-handler.php(796): WC_Form_Handler::add_to_cart_handler_simple()
#20 /home/u910397194/domains/mediavesthosting.com/public_html/halalcatering/wp-includes/class-wp-hook.php(308): WC_Form_Handler::add_to_cart_action()
#21 /home/u910397194/domains/mediavesthosting.com/public_html/halalcatering/wp-includes/class-wp-hook.php(332): WP_Hook->apply_filters()
#22 /home/u910397194/domains/mediavesthosting.com/public_html/halalcatering/wp-includes/plugin.php(517): WP_Hook->do_action()
#23 /home/u910397194/domains/mediavesthosting.com/public_html/halalcatering/wp-settings.php(645): do_action()
#24 /home/u910397194/domains/mediavesthosting.com/public_html/halalcatering/wp-config.php(104): require_once('/home/u91039719...')
#25 /home/u910397194/domains/mediavesthosting.com/public_html/halalcatering/wp-load.php(50): require_once('/home/u91039719...')
#26 /home/u910397194/domains/mediavesthosting.com/public_html/halalcatering/wp-blog-header.php(13): require_once('/home/u91039719...')
#27 /home/u910397194/domains/mediavesthosting.com/public_html/halalcatering/index.php(17): require('/home/u91039719...')
#28 {main}
  thrown in /home/u910397194/domains/mediavesthosting.com/public_html/halalcatering/wp-content/plugins/woocommerce/src/Utilities/ArrayUtil.php on line 153

2023-05-28T05:38:01+00:00 CRITICAL Uncaught Error: Call to undefined method WC_Shipping_Local_Pickup::get_method_id() in /home/u910397194/domains/mediavesthosting.com/public_html/halalcatering/wp-content/plugins/woocommerce/src/Utilities/ArrayUtil.php:153
Stack trace:
#0 [internal function]: Automattic\WooCommerce\Utilities\ArrayUtil::Automattic\WooCommerce\Utilities\{closure}()
#1 /home/u910397194/domains/mediavesthosting.com/public_html/halalcatering/wp-content/plugins/woocommerce/src/Utilities/ArrayUtil.php(188): array_map()
#2 /home/u910397194/domains/mediavesthosting.com/public_html/halalcatering/wp-content/plugins/woocommerce/packages/woocommerce-blocks/src/Shipping/ShippingController.php(450): Automattic\WooCommerce\Utilities\ArrayUtil::select()
#3 [internal function]: Automattic\WooCommerce\Blocks\Shipping\ShippingController->Automattic\WooCommerce\Blocks\Shipping\{closure}()
#4 /home/u910397194/domains/mediavesthosting.com/public_html/halalcatering/wp-content/plugins/woocommerce/packages/woocommerce-blocks/src/Shipping/ShippingController.php(452): array_filter()
#5 /home/u910397194/domains/mediavesthosting.com/public_html/halalcatering/wp-includes/class-wp-hook.php(308): Automattic\WooCommerce\Blocks\Shipping\ShippingController->filter_shipping_packages()
#6 /home/u910397194/domains/mediavesthosting.com/public_html/halalcatering/wp-includes/plugin.php(205): WP_Hook->apply_filters()
#7 /home/u910397194/domains/mediavesthosting.com/public_html/halalcatering/wp-content/plugins/woocommerce/includes/class-wc-shipping.php(274): apply_filters()
#8 /home/u910397194/domains/mediavesthosting.com/public_html/halalcatering/wp-content/plugins/woocommerce/includes/class-wc-cart.php(1423): WC_Shipping->calculate_shipping()
#9 /home/u910397194/domains/mediavesthosting.com/public_html/halalcatering/wp-content/plugins/woocommerce/includes/class-wc-cart-totals.php(339): WC_Cart->calculate_shipping()
#10 /home/u910397194/domains/mediavesthosting.com/public_html/halalcatering/wp-content/plugins/woocommerce/includes/class-wc-cart-totals.php(850): WC_Cart_Totals->get_shipping_from_cart()
#11 /home/u910397194/domains/mediavesthosting.com/public_html/halalcatering/wp-content/plugins/woocommerce/includes/class-wc-cart-totals.php(144): WC_Cart_Totals->calculate_shipping_totals()
#12 /home/u910397194/domains/mediavesthosting.com/public_html/halalcatering/wp-content/plugins/woocommerce/includes/class-wc-cart-totals.php(134): WC_Cart_Totals->calculate()
#13 /home/u910397194/domains/mediavesthosting.com/public_html/halalcatering/wp-content/plugins/woocommerce/includes/class-wc-cart.php(1401): WC_Cart_Totals->__construct()
#14 /home/u910397194/domains/mediavesthosting.com/public_html/halalcatering/wp-includes/class-wp-hook.php(306): WC_Cart->calculate_totals()
#15 /home/u910397194/domains/mediavesthosting.com/public_html/halalcatering/wp-includes/class-wp-hook.php(332): WP_Hook->apply_filters()
#16 /home/u910397194/domains/mediavesthosting.com/public_html/halalcatering/wp-includes/plugin.php(517): WP_Hook->do_action()
#17 /home/u910397194/domains/mediavesthosting.com/public_html/halalcatering/wp-content/plugins/woocommerce/includes/class-wc-cart.php(1279): do_action()
#18 /home/u910397194/domains/mediavesthosting.com/public_html/halalcatering/wp-content/plugins/woocommerce/includes/class-wc-form-handler.php(824): WC_Cart->add_to_cart()
#19 /home/u910397194/domains/mediavesthosting.com/public_html/halalcatering/wp-content/plugins/woocommerce/includes/class-wc-form-handler.php(796): WC_Form_Handler::add_to_cart_handler_simple()
#20 /home/u910397194/domains/mediavesthosting.com/public_html/halalcatering/wp-includes/class-wp-hook.php(308): WC_Form_Handler::add_to_cart_action()
#21 /home/u910397194/domains/mediavesthosting.com/public_html/halalcatering/wp-includes/class-wp-hook.php(332): WP_Hook->apply_filters()
#22 /home/u910397194/domains/mediavesthosting.com/public_html/halalcatering/wp-includes/plugin.php(517): WP_Hook->do_action()
#23 /home/u910397194/domains/mediavesthosting.com/public_html/halalcatering/wp-settings.php(645): do_action()
#24 /home/u910397194/domains/mediavesthosting.com/public_html/halalcatering/wp-config.php(104): require_once('/home/u91039719...')
#25 /home/u910397194/domains/mediavesthosting.com/public_html/halalcatering/wp-load.php(50): require_once('/home/u91039719...')
#26 /home/u910397194/domains/mediavesthosting.com/public_html/halalcatering/wp-blog-header.php(13): require_once('/home/u91039719...')
#27 /home/u910397194/domains/mediavesthosting.com/public_html/halalcatering/index.php(17): require('/home/u91039719...')
#28 {main}
  thrown in /home/u910397194/domains/mediavesthosting.com/public_html/halalcatering/wp-content/plugins/woocommerce/src/Utilities/ArrayUtil.php on line 153

2023-05-28T05:41:30+00:00 CRITICAL Uncaught Error: Call to undefined method WC_Shipping_Local_Pickup::get_method_id() in /home/u910397194/domains/mediavesthosting.com/public_html/halalcatering/wp-content/plugins/woocommerce/src/Utilities/ArrayUtil.php:153
Stack trace:
#0 [internal function]: Automattic\WooCommerce\Utilities\ArrayUtil::Automattic\WooCommerce\Utilities\{closure}()
#1 /home/u910397194/domains/mediavesthosting.com/public_html/halalcatering/wp-content/plugins/woocommerce/src/Utilities/ArrayUtil.php(188): array_map()
#2 /home/u910397194/domains/mediavesthosting.com/public_html/halalcatering/wp-content/plugins/woocommerce/packages/woocommerce-blocks/src/Shipping/ShippingController.php(450): Automattic\WooCommerce\Utilities\ArrayUtil::select()
#3 [internal function]: Automattic\WooCommerce\Blocks\Shipping\ShippingController->Automattic\WooCommerce\Blocks\Shipping\{closure}()
#4 /home/u910397194/domains/mediavesthosting.com/public_html/halalcatering/wp-content/plugins/woocommerce/packages/woocommerce-blocks/src/Shipping/ShippingController.php(452): array_filter()
#5 /home/u910397194/domains/mediavesthosting.com/public_html/halalcatering/wp-includes/class-wp-hook.php(308): Automattic\WooCommerce\Blocks\Shipping\ShippingController->filter_shipping_packages()
#6 /home/u910397194/domains/mediavesthosting.com/public_html/halalcatering/wp-includes/plugin.php(205): WP_Hook->apply_filters()
#7 /home/u910397194/domains/mediavesthosting.com/public_html/halalcatering/wp-content/plugins/woocommerce/includes/class-wc-shipping.php(274): apply_filters()
#8 /home/u910397194/domains/mediavesthosting.com/public_html/halalcatering/wp-content/plugins/woocommerce/includes/class-wc-cart.php(1423): WC_Shipping->calculate_shipping()
#9 /home/u910397194/domains/mediavesthosting.com/public_html/halalcatering/wp-content/plugins/woocommerce/includes/class-wc-cart-totals.php(339): WC_Cart->calculate_shipping()
#10 /home/u910397194/domains/mediavesthosting.com/public_html/halalcatering/wp-content/plugins/woocommerce/includes/class-wc-cart-totals.php(850): WC_Cart_Totals->get_shipping_from_cart()
#11 /home/u910397194/domains/mediavesthosting.com/public_html/halalcatering/wp-content/plugins/woocommerce/includes/class-wc-cart-totals.php(144): WC_Cart_Totals->calculate_shipping_totals()
#12 /home/u910397194/domains/mediavesthosting.com/public_html/halalcatering/wp-content/plugins/woocommerce/includes/class-wc-cart-totals.php(134): WC_Cart_Totals->calculate()
#13 /home/u910397194/domains/mediavesthosting.com/public_html/halalcatering/wp-content/plugins/woocommerce/includes/class-wc-cart.php(1401): WC_Cart_Totals->__construct()
#14 /home/u910397194/domains/mediavesthosting.com/public_html/halalcatering/wp-includes/class-wp-hook.php(306): WC_Cart->calculate_totals()
#15 /home/u910397194/domains/mediavesthosting.com/public_html/halalcatering/wp-includes/class-wp-hook.php(332): WP_Hook->apply_filters()
#16 /home/u910397194/domains/mediavesthosting.com/public_html/halalcatering/wp-includes/plugin.php(517): WP_Hook->do_action()
#17 /home/u910397194/domains/mediavesthosting.com/public_html/halalcatering/wp-content/plugins/woocommerce/includes/class-wc-cart.php(1279): do_action()
#18 /home/u910397194/domains/mediavesthosting.com/public_html/halalcatering/wp-content/plugins/woocommerce/includes/class-wc-form-handler.php(824): WC_Cart->add_to_cart()
#19 /home/u910397194/domains/mediavesthosting.com/public_html/halalcatering/wp-content/plugins/woocommerce/includes/class-wc-form-handler.php(796): WC_Form_Handler::add_to_cart_handler_simple()
#20 /home/u910397194/domains/mediavesthosting.com/public_html/halalcatering/wp-includes/class-wp-hook.php(308): WC_Form_Handler::add_to_cart_action()
#21 /home/u910397194/domains/mediavesthosting.com/public_html/halalcatering/wp-includes/class-wp-hook.php(332): WP_Hook->apply_filters()
#22 /home/u910397194/domains/mediavesthosting.com/public_html/halalcatering/wp-includes/plugin.php(517): WP_Hook->do_action()
#23 /home/u910397194/domains/mediavesthosting.com/public_html/halalcatering/wp-settings.php(645): do_action()
#24 /home/u910397194/domains/mediavesthosting.com/public_html/halalcatering/wp-config.php(104): require_once('/home/u91039719...')
#25 /home/u910397194/domains/mediavesthosting.com/public_html/halalcatering/wp-load.php(50): require_once('/home/u91039719...')
#26 /home/u910397194/domains/mediavesthosting.com/public_html/halalcatering/wp-blog-header.php(13): require_once('/home/u91039719...')
#27 /home/u910397194/domains/mediavesthosting.com/public_html/halalcatering/index.php(17): require('/home/u91039719...')
#28 {main}
  thrown in /home/u910397194/domains/mediavesthosting.com/public_html/halalcatering/wp-content/plugins/woocommerce/src/Utilities/ArrayUtil.php on line 153

2023-05-28T05:42:17+00:00 CRITICAL Uncaught Error: Call to undefined method WC_Shipping_Local_Pickup::get_method_id() in /home/u910397194/domains/mediavesthosting.com/public_html/halalcatering/wp-content/plugins/woocommerce/src/Utilities/ArrayUtil.php:153
Stack trace:
#0 [internal function]: Automattic\WooCommerce\Utilities\ArrayUtil::Automattic\WooCommerce\Utilities\{closure}()
#1 /home/u910397194/domains/mediavesthosting.com/public_html/halalcatering/wp-content/plugins/woocommerce/src/Utilities/ArrayUtil.php(188): array_map()
#2 /home/u910397194/domains/mediavesthosting.com/public_html/halalcatering/wp-content/plugins/woocommerce/packages/woocommerce-blocks/src/Shipping/ShippingController.php(450): Automattic\WooCommerce\Utilities\ArrayUtil::select()
#3 [internal function]: Automattic\WooCommerce\Blocks\Shipping\ShippingController->Automattic\WooCommerce\Blocks\Shipping\{closure}()
#4 /home/u910397194/domains/mediavesthosting.com/public_html/halalcatering/wp-content/plugins/woocommerce/packages/woocommerce-blocks/src/Shipping/ShippingController.php(452): array_filter()
#5 /home/u910397194/domains/mediavesthosting.com/public_html/halalcatering/wp-includes/class-wp-hook.php(308): Automattic\WooCommerce\Blocks\Shipping\ShippingController->filter_shipping_packages()
#6 /home/u910397194/domains/mediavesthosting.com/public_html/halalcatering/wp-includes/plugin.php(205): WP_Hook->apply_filters()
#7 /home/u910397194/domains/mediavesthosting.com/public_html/halalcatering/wp-content/plugins/woocommerce/includes/class-wc-shipping.php(274): apply_filters()
#8 /home/u910397194/domains/mediavesthosting.com/public_html/halalcatering/wp-content/plugins/woocommerce/includes/class-wc-cart.php(1423): WC_Shipping->calculate_shipping()
#9 /home/u910397194/domains/mediavesthosting.com/public_html/halalcatering/wp-content/plugins/woocommerce/includes/class-wc-cart-totals.php(339): WC_Cart->calculate_shipping()
#10 /home/u910397194/domains/mediavesthosting.com/public_html/halalcatering/wp-content/plugins/woocommerce/includes/class-wc-cart-totals.php(850): WC_Cart_Totals->get_shipping_from_cart()
#11 /home/u910397194/domains/mediavesthosting.com/public_html/halalcatering/wp-content/plugins/woocommerce/includes/class-wc-cart-totals.php(144): WC_Cart_Totals->calculate_shipping_totals()
#12 /home/u910397194/domains/mediavesthosting.com/public_html/halalcatering/wp-content/plugins/woocommerce/includes/class-wc-cart-totals.php(134): WC_Cart_Totals->calculate()
#13 /home/u910397194/domains/mediavesthosting.com/public_html/halalcatering/wp-content/plugins/woocommerce/includes/class-wc-cart.php(1401): WC_Cart_Totals->__construct()
#14 /home/u910397194/domains/mediavesthosting.com/public_html/halalcatering/wp-includes/class-wp-hook.php(306): WC_Cart->calculate_totals()
#15 /home/u910397194/domains/mediavesthosting.com/public_html/halalcatering/wp-includes/class-wp-hook.php(332): WP_Hook->apply_filters()
#16 /home/u910397194/domains/mediavesthosting.com/public_html/halalcatering/wp-includes/plugin.php(517): WP_Hook->do_action()
#17 /home/u910397194/domains/mediavesthosting.com/public_html/halalcatering/wp-content/plugins/woocommerce/includes/class-wc-cart.php(1279): do_action()
#18 /home/u910397194/domains/mediavesthosting.com/public_html/halalcatering/wp-content/plugins/woocommerce/includes/class-wc-form-handler.php(824): WC_Cart->add_to_cart()
#19 /home/u910397194/domains/mediavesthosting.com/public_html/halalcatering/wp-content/plugins/woocommerce/includes/class-wc-form-handler.php(796): WC_Form_Handler::add_to_cart_handler_simple()
#20 /home/u910397194/domains/mediavesthosting.com/public_html/halalcatering/wp-includes/class-wp-hook.php(308): WC_Form_Handler::add_to_cart_action()
#21 /home/u910397194/domains/mediavesthosting.com/public_html/halalcatering/wp-includes/class-wp-hook.php(332): WP_Hook->apply_filters()
#22 /home/u910397194/domains/mediavesthosting.com/public_html/halalcatering/wp-includes/plugin.php(517): WP_Hook->do_action()
#23 /home/u910397194/domains/mediavesthosting.com/public_html/halalcatering/wp-settings.php(645): do_action()
#24 /home/u910397194/domains/mediavesthosting.com/public_html/halalcatering/wp-config.php(104): require_once('/home/u91039719...')
#25 /home/u910397194/domains/mediavesthosting.com/public_html/halalcatering/wp-load.php(50): require_once('/home/u91039719...')
#26 /home/u910397194/domains/mediavesthosting.com/public_html/halalcatering/wp-blog-header.php(13): require_once('/home/u91039719...')
#27 /home/u910397194/domains/mediavesthosting.com/public_html/halalcatering/index.php(17): require('/home/u91039719...')
#28 {main}
  thrown in /home/u910397194/domains/mediavesthosting.com/public_html/halalcatering/wp-content/plugins/woocommerce/src/Utilities/ArrayUtil.php on line 153

2023-05-28T05:42:59+00:00 CRITICAL Uncaught Error: Call to undefined method WC_Shipping_Local_Pickup::get_method_id() in /home/u910397194/domains/mediavesthosting.com/public_html/halalcatering/wp-content/plugins/woocommerce/src/Utilities/ArrayUtil.php:153
Stack trace:
#0 [internal function]: Automattic\WooCommerce\Utilities\ArrayUtil::Automattic\WooCommerce\Utilities\{closure}()
#1 /home/u910397194/domains/mediavesthosting.com/public_html/halalcatering/wp-content/plugins/woocommerce/src/Utilities/ArrayUtil.php(188): array_map()
#2 /home/u910397194/domains/mediavesthosting.com/public_html/halalcatering/wp-content/plugins/woocommerce/packages/woocommerce-blocks/src/Shipping/ShippingController.php(450): Automattic\WooCommerce\Utilities\ArrayUtil::select()
#3 [internal function]: Automattic\WooCommerce\Blocks\Shipping\ShippingController->Automattic\WooCommerce\Blocks\Shipping\{closure}()
#4 /home/u910397194/domains/mediavesthosting.com/public_html/halalcatering/wp-content/plugins/woocommerce/packages/woocommerce-blocks/src/Shipping/ShippingController.php(452): array_filter()
#5 /home/u910397194/domains/mediavesthosting.com/public_html/halalcatering/wp-includes/class-wp-hook.php(308): Automattic\WooCommerce\Blocks\Shipping\ShippingController->filter_shipping_packages()
#6 /home/u910397194/domains/mediavesthosting.com/public_html/halalcatering/wp-includes/plugin.php(205): WP_Hook->apply_filters()
#7 /home/u910397194/domains/mediavesthosting.com/public_html/halalcatering/wp-content/plugins/woocommerce/includes/class-wc-shipping.php(274): apply_filters()
#8 /home/u910397194/domains/mediavesthosting.com/public_html/halalcatering/wp-content/plugins/woocommerce/includes/class-wc-cart.php(1423): WC_Shipping->calculate_shipping()
#9 /home/u910397194/domains/mediavesthosting.com/public_html/halalcatering/wp-content/plugins/woocommerce/includes/class-wc-cart-totals.php(339): WC_Cart->calculate_shipping()
#10 /home/u910397194/domains/mediavesthosting.com/public_html/halalcatering/wp-content/plugins/woocommerce/includes/class-wc-cart-totals.php(850): WC_Cart_Totals->get_shipping_from_cart()
#11 /home/u910397194/domains/mediavesthosting.com/public_html/halalcatering/wp-content/plugins/woocommerce/includes/class-wc-cart-totals.php(144): WC_Cart_Totals->calculate_shipping_totals()
#12 /home/u910397194/domains/mediavesthosting.com/public_html/halalcatering/wp-content/plugins/woocommerce/includes/class-wc-cart-totals.php(134): WC_Cart_Totals->calculate()
#13 /home/u910397194/domains/mediavesthosting.com/public_html/halalcatering/wp-content/plugins/woocommerce/includes/class-wc-cart.php(1401): WC_Cart_Totals->__construct()
#14 /home/u910397194/domains/mediavesthosting.com/public_html/halalcatering/wp-includes/class-wp-hook.php(306): WC_Cart->calculate_totals()
#15 /home/u910397194/domains/mediavesthosting.com/public_html/halalcatering/wp-includes/class-wp-hook.php(332): WP_Hook->apply_filters()
#16 /home/u910397194/domains/mediavesthosting.com/public_html/halalcatering/wp-includes/plugin.php(517): WP_Hook->do_action()
#17 /home/u910397194/domains/mediavesthosting.com/public_html/halalcatering/wp-content/plugins/woocommerce/includes/class-wc-cart.php(1279): do_action()
#18 /home/u910397194/domains/mediavesthosting.com/public_html/halalcatering/wp-content/plugins/woocommerce/includes/class-wc-form-handler.php(824): WC_Cart->add_to_cart()
#19 /home/u910397194/domains/mediavesthosting.com/public_html/halalcatering/wp-content/plugins/woocommerce/includes/class-wc-form-handler.php(796): WC_Form_Handler::add_to_cart_handler_simple()
#20 /home/u910397194/domains/mediavesthosting.com/public_html/halalcatering/wp-includes/class-wp-hook.php(308): WC_Form_Handler::add_to_cart_action()
#21 /home/u910397194/domains/mediavesthosting.com/public_html/halalcatering/wp-includes/class-wp-hook.php(332): WP_Hook->apply_filters()
#22 /home/u910397194/domains/mediavesthosting.com/public_html/halalcatering/wp-includes/plugin.php(517): WP_Hook->do_action()
#23 /home/u910397194/domains/mediavesthosting.com/public_html/halalcatering/wp-settings.php(645): do_action()
#24 /home/u910397194/domains/mediavesthosting.com/public_html/halalcatering/wp-config.php(104): require_once('/home/u91039719...')
#25 /home/u910397194/domains/mediavesthosting.com/public_html/halalcatering/wp-load.php(50): require_once('/home/u91039719...')
#26 /home/u910397194/domains/mediavesthosting.com/public_html/halalcatering/wp-blog-header.php(13): require_once('/home/u91039719...')
#27 /home/u910397194/domains/mediavesthosting.com/public_html/halalcatering/index.php(17): require('/home/u91039719...')
#28 {main}
  thrown in /home/u910397194/domains/mediavesthosting.com/public_html/halalcatering/wp-content/plugins/woocommerce/src/Utilities/ArrayUtil.php on line 153

