2023-05-19T03:08:39+00:00 DEBUG tt4b_product_sync: missing access token for tt4b_product_sync
2023-05-19T03:09:23+00:00 DEBUG tt4b_product_sync: missing access token for tt4b_product_sync
2023-05-19T03:10:12+00:00 DEBUG tt4b_product_sync: missing access token for tt4b_product_sync
2023-05-19T03:10:29+00:00 DEBUG tt4b_product_sync: missing access token for tt4b_product_sync
2023-05-19T03:10:29+00:00 DEBUG tt4b_product_delete: missing access token for tt4b_product_sync
2023-05-19T03:10:29+00:00 DEBUG tt4b_product_sync: missing access token for tt4b_product_sync
2023-05-19T03:10:29+00:00 DEBUG tt4b_product_delete: missing access token for tt4b_product_sync
2023-05-19T03:14:32+00:00 DEBUG Tt4b_Pixel_Class::inject_add_to_cart_event: hit injectAddToCartEvent
2023-05-19T03:14:32+00:00 DEBUG Tt4b_Pixel_Class::inject_add_to_cart_event: Missing option "access_token"
2023-05-19T03:16:43+00:00 DEBUG Tt4b_Pixel_Class::inject_add_to_cart_event: hit injectAddToCartEvent
2023-05-19T03:16:43+00:00 DEBUG Tt4b_Pixel_Class::inject_add_to_cart_event: Missing option "access_token"
2023-05-19T03:16:46+00:00 DEBUG Tt4b_Pixel_Class::inject_start_checkout: hit injectStartCheckout
2023-05-19T03:16:46+00:00 DEBUG Tt4b_Pixel_Class::inject_start_checkout: Missing option "access_token"
2023-05-19T03:17:36+00:00 DEBUG Tt4b_Pixel_Class::inject_start_checkout: hit injectStartCheckout
2023-05-19T03:17:36+00:00 DEBUG Tt4b_Pixel_Class::inject_start_checkout: Missing option "access_token"
2023-05-19T03:21:45+00:00 DEBUG Tt4b_Pixel_Class::inject_start_checkout: hit injectStartCheckout
2023-05-19T03:21:45+00:00 DEBUG Tt4b_Pixel_Class::inject_start_checkout: Missing option "access_token"
2023-05-19T03:33:01+00:00 DEBUG Tt4b_Pixel_Class::inject_start_checkout: hit injectStartCheckout
2023-05-19T03:33:01+00:00 DEBUG Tt4b_Pixel_Class::inject_start_checkout: Missing option "access_token"
2023-05-19T03:41:25+00:00 DEBUG Tt4b_Pixel_Class::inject_start_checkout: hit injectStartCheckout
2023-05-19T03:41:25+00:00 DEBUG Tt4b_Pixel_Class::inject_start_checkout: Missing option "access_token"
