05-30-2023 @ 12:23:06 - --------------------
05-30-2023 @ 12:23:06 - QuickPay API Exception file: /var/www/halalcatering.dk/public_html/wp-content/plugins/woocommerce-quickpay/classes/api/woocommerce-quickpay-api.php
05-30-2023 @ 12:23:06 - QuickPay API Exception line: 251
05-30-2023 @ 12:23:06 - QuickPay API Exception code: 401
05-30-2023 @ 12:23:06 - QuickPay API Exception message: Not authorized: Not authorized to POST /payments
05-30-2023 @ 12:23:06 - QuickPay API Exception Request URL: https://api.quickpay.net/payments/
05-30-2023 @ 12:23:06 - QuickPay API Exception Request DATA: currency=DKK&order_post_id=220&order_id=0220&basket%5B%5D%5Bqty%5D=50&basket%5B%5D%5Bitem_no%5D=21&basket%5B%5D%5Bitem_name%5D=Standard+menu+1&basket%5B%5D%5Bitem_price%5D=15900&basket%5B%5D%5Bvat_rate%5D=0&shipping_address%5Bname%5D=asdf&shipping_address%5Bstreet%5D=House%3A&shipping_address%5Bhouse_number%5D=01&shipping_address%5Bhouse_extension%5D=Road%3A05%2C+Block-C%2C+Metro+Housing&shipping_address%5Bcity%5D=Dhaka&shipping_address%5Bregion%5D=&shipping_address%5Bzip_code%5D=1245&shipping_address%5Bphone_number%5D=01723564501&shipping_address%5Bmobile_number%5D=01723564501&shipping_address%5Bemail%5D=other%40asique.net&invoice_address%5Bname%5D=asdf&invoice_address%5Bstreet%5D=House%3A&invoice_address%5Bhouse_number%5D=01&invoice_address%5Bhouse_extension%5D=Road%3A05%2C+Block-C%2C+Metro+Housing&invoice_address%5Bcity%5D=Dhaka&invoice_address%5Bregion%5D=&invoice_address%5Bzip_code%5D=1245&invoice_address%5Bphone_number%5D=01723564501&invoice_address%5Bmobile_number%5D=01723564501&invoice_address%5Bemail%5D=other%40asique.net&shipping%5Bmethod%5D=own_delivery&shipping%5Bcompany%5D=Local+pickup&shipping%5Bamount%5D=0&shipping%5Bvat_rate%5D=0&shopsystem%5Bname%5D=WooCommerce&shopsystem%5Bversion%5D=6.8.3&variables%5Border_post_id%5D=220&variables%5Bpayment_method%5D=quickpay
05-30-2023 @ 12:23:06 - QuickPay API Exception Response DATA: {"message":"Not authorized: Not authorized to POST \/payments","errors":null,"error_code":null}
05-30-2023 @ 12:23:06 - --------------------
05-30-2023 @ 12:23:26 - --------------------
05-30-2023 @ 12:23:26 - QuickPay API Exception file: /var/www/halalcatering.dk/public_html/wp-content/plugins/woocommerce-quickpay/classes/api/woocommerce-quickpay-api.php
05-30-2023 @ 12:23:26 - QuickPay API Exception line: 251
05-30-2023 @ 12:23:26 - QuickPay API Exception code: 401
05-30-2023 @ 12:23:26 - QuickPay API Exception message: Not authorized: Not authorized to POST /payments
05-30-2023 @ 12:23:26 - QuickPay API Exception Request URL: https://api.quickpay.net/payments/
05-30-2023 @ 12:23:26 - QuickPay API Exception Request DATA: currency=DKK&order_post_id=221&order_id=0221&basket%5B%5D%5Bqty%5D=50&basket%5B%5D%5Bitem_no%5D=21&basket%5B%5D%5Bitem_name%5D=Standard+menu+1&basket%5B%5D%5Bitem_price%5D=15900&basket%5B%5D%5Bvat_rate%5D=0&shipping_address%5Bname%5D=asdf&shipping_address%5Bstreet%5D=House%3A&shipping_address%5Bhouse_number%5D=01&shipping_address%5Bhouse_extension%5D=Road%3A05%2C+Block-C%2C+Metro+Housing&shipping_address%5Bcity%5D=Dhaka&shipping_address%5Bregion%5D=&shipping_address%5Bzip_code%5D=1245&shipping_address%5Bphone_number%5D=01723564501&shipping_address%5Bmobile_number%5D=01723564501&shipping_address%5Bemail%5D=other%40asique.net&invoice_address%5Bname%5D=asdf&invoice_address%5Bstreet%5D=House%3A&invoice_address%5Bhouse_number%5D=01&invoice_address%5Bhouse_extension%5D=Road%3A05%2C+Block-C%2C+Metro+Housing&invoice_address%5Bcity%5D=Dhaka&invoice_address%5Bregion%5D=&invoice_address%5Bzip_code%5D=1245&invoice_address%5Bphone_number%5D=01723564501&invoice_address%5Bmobile_number%5D=01723564501&invoice_address%5Bemail%5D=other%40asique.net&shipping%5Bmethod%5D=own_delivery&shipping%5Bcompany%5D=HalalCatering+levering&shipping%5Bamount%5D=24900&shipping%5Bvat_rate%5D=0&shopsystem%5Bname%5D=WooCommerce&shopsystem%5Bversion%5D=6.8.3&variables%5Border_post_id%5D=221&variables%5Bpayment_method%5D=quickpay
05-30-2023 @ 12:23:26 - QuickPay API Exception Response DATA: {"message":"Not authorized: Not authorized to POST \/payments","errors":null,"error_code":null}
05-30-2023 @ 12:23:26 - --------------------
05-30-2023 @ 13:56:09 - --------------------
05-30-2023 @ 13:56:09 - QuickPay API Exception file: /var/www/halalcatering.dk/public_html/wp-content/plugins/woocommerce-quickpay/classes/api/woocommerce-quickpay-api.php
05-30-2023 @ 13:56:09 - QuickPay API Exception line: 251
05-30-2023 @ 13:56:09 - QuickPay API Exception code: 401
05-30-2023 @ 13:56:09 - QuickPay API Exception message: Not authorized: Not authorized to POST /payments
05-30-2023 @ 13:56:09 - QuickPay API Exception Request URL: https://api.quickpay.net/payments/
05-30-2023 @ 13:56:09 - QuickPay API Exception Request DATA: currency=DKK&order_post_id=221&order_id=0221&shipping_address%5Bname%5D=asdf&shipping_address%5Bstreet%5D=House%3A&shipping_address%5Bhouse_number%5D=01&shipping_address%5Bhouse_extension%5D=Road%3A05%2C+Block-C%2C+Metro+Housing&shipping_address%5Bcity%5D=Dhaka&shipping_address%5Bregion%5D=&shipping_address%5Bzip_code%5D=1245&shipping_address%5Bphone_number%5D=01723564501&shipping_address%5Bmobile_number%5D=01723564501&shipping_address%5Bemail%5D=other%40asique.net&invoice_address%5Bname%5D=asdf&invoice_address%5Bstreet%5D=House%3A&invoice_address%5Bhouse_number%5D=01&invoice_address%5Bhouse_extension%5D=Road%3A05%2C+Block-C%2C+Metro+Housing&invoice_address%5Bcity%5D=Dhaka&invoice_address%5Bregion%5D=&invoice_address%5Bzip_code%5D=1245&invoice_address%5Bphone_number%5D=01723564501&invoice_address%5Bmobile_number%5D=01723564501&invoice_address%5Bemail%5D=other%40asique.net&shopsystem%5Bname%5D=WooCommerce&shopsystem%5Bversion%5D=6.8.3&variables%5Border_post_id%5D=221&variables%5Bpayment_method%5D=quickpay_paypal
05-30-2023 @ 13:56:09 - QuickPay API Exception Response DATA: {"message":"Not authorized: Not authorized to POST \/payments","errors":null,"error_code":null}
05-30-2023 @ 13:56:09 - --------------------
05-30-2023 @ 13:59:47 - --------------------
05-30-2023 @ 13:59:47 - QuickPay API Exception file: /var/www/halalcatering.dk/public_html/wp-content/plugins/woocommerce-quickpay/classes/api/woocommerce-quickpay-api.php
05-30-2023 @ 13:59:47 - QuickPay API Exception line: 251
05-30-2023 @ 13:59:47 - QuickPay API Exception code: 401
05-30-2023 @ 13:59:47 - QuickPay API Exception message: Not authorized: Not authorized to POST /payments
05-30-2023 @ 13:59:47 - QuickPay API Exception Request URL: https://api.quickpay.net/payments/
05-30-2023 @ 13:59:47 - QuickPay API Exception Request DATA: currency=DKK&order_post_id=221&order_id=0221&shipping_address%5Bname%5D=asdf&shipping_address%5Bstreet%5D=House%3A&shipping_address%5Bhouse_number%5D=01&shipping_address%5Bhouse_extension%5D=Road%3A05%2C+Block-C%2C+Metro+Housing&shipping_address%5Bcity%5D=Dhaka&shipping_address%5Bregion%5D=&shipping_address%5Bzip_code%5D=1245&shipping_address%5Bphone_number%5D=01723564501&shipping_address%5Bmobile_number%5D=01723564501&shipping_address%5Bemail%5D=other%40asique.net&invoice_address%5Bname%5D=asdf&invoice_address%5Bstreet%5D=House%3A&invoice_address%5Bhouse_number%5D=01&invoice_address%5Bhouse_extension%5D=Road%3A05%2C+Block-C%2C+Metro+Housing&invoice_address%5Bcity%5D=Dhaka&invoice_address%5Bregion%5D=&invoice_address%5Bzip_code%5D=1245&invoice_address%5Bphone_number%5D=01723564501&invoice_address%5Bmobile_number%5D=01723564501&invoice_address%5Bemail%5D=other%40asique.net&shopsystem%5Bname%5D=WooCommerce&shopsystem%5Bversion%5D=6.8.3&variables%5Border_post_id%5D=221&variables%5Bpayment_method%5D=quickpay_paypal
05-30-2023 @ 13:59:47 - QuickPay API Exception Response DATA: {"message":"Not authorized: Not authorized to POST \/payments","errors":null,"error_code":null}
05-30-2023 @ 13:59:47 - --------------------
